<?xml version="1.0" encoding="UTF-8"?>
<!-- Generated by org.testng.reporters.JUnitReportReporter -->
<testsuite hostname="INBOOK_Y2_PLUS" failures="0" tests="1" name="extentReports.ToLearnScreenshot" time="5.247" errors="0" timestamp="2025-01-22T12:02:32 IST" skipped="0">
  <testcase classname="extentReports.ToLearnScreenshot" name="addScreenshot" time="5.247"/>
  <system-out/>
</testsuite> <!-- extentReports.ToLearnScreenshot -->
